<?xml version="1.0" encoding="UTF-8"?>
<testsuite name="com.example.demo.service.UserServiceTests" tests="1" skipped="0" failures="0" errors="0" timestamp="2025-05-13T10:18:23" hostname="MacBookPro" time="0.056">
  <properties/>
  <testcase name="testAddUser()" classname="com.example.demo.service.UserServiceTests" time="0.056"/>
  <system-out><![CDATA[Cavin added with ID: 1
]]></system-out>
  <system-err><![CDATA[]]></system-err>
</testsuite>
